Checking for GNU toolchain
Try: gcc
Line: gcc  cmake_bootstrap_14732_test.c -o cmake_bootstrap_14732_test
----------  file   -----------------------
int main() { return 0; }
------------------------------------------
Test succeeded
Try: g++
Line: g++  cmake_bootstrap_14732_test.cpp -o cmake_bootstrap_14732_test
----------  file   -----------------------
int main() { return 0; }
------------------------------------------
Test succeeded
Try: gcc
Line: gcc  cmake_bootstrap_14732_test.c -o cmake_bootstrap_14732_test
----------  file   -----------------------

#ifdef __cplusplus
# error "The CMAKE_C_COMPILER is set to a C++ compiler"
#endif

#include<stdio.h>

#if defined(__CLASSIC_C__)
int main(argc, argv)
  int argc;
  char* argv[];
#else
int main(int argc, char* argv[])
#endif
{
  printf("%d%c", (argv != 0), (char)0x0a);
  return argc-1;
}

------------------------------------------
1
Test succeeded
Try: g++
Line: g++  -DTEST1 cmake_bootstrap_14732_test.cxx -o cmake_bootstrap_14732_test
----------  file   -----------------------

#if defined(TEST1)
# include <iostream>
#else
# include <iostream.h>
#endif

class NeedCXX
{
public:
  NeedCXX() { this->Foo = 1; }
  int GetFoo() { return this->Foo; }
private:
  int Foo;
};
int main()
{
  NeedCXX c;
#ifdef TEST3
  cout << c.GetFoo() << endl;
#else
  std::cout << c.GetFoo() << std::endl;
#endif
  return 0;
}

------------------------------------------
1
Test succeeded
Try: gmake
/Users/jwirjo1/clipper/deps/cmake-3.6.3/bootstrap: line 599: gmake: command not found
gmake does not work
Try: make
"gcc"  -framework CoreFoundation  -o test test.c
1
make works
Try: g++
Line: g++  cmake_bootstrap_14732_test.cxx -o cmake_bootstrap_14732_test
----------  file   -----------------------

#if defined(__GNUC__) && !defined(__INTEL_COMPILER)
#include <iostream>
int main() { std::cout << "This is GNU" << std::endl; return 0;}
#endif

------------------------------------------
